2022-12-08 05:23:17 monitor-service WARN monitor to /dev/ttyACM0 using serial already stopped
2022-12-08 14:31:30 Using browser-only version of superagent in non-browser environment
2022-12-08 14:31:30 Configuring to accept webviews on '^.+\.webview\..+$' hostname.
2022-12-08 14:31:30 root INFO Configuration directory URI: 'file:///home/amrit/.theia'
2022-12-08 14:31:30 root INFO Backend Object.initialize: 26.5 ms [Finished 4.945 s after backend start]
2022-12-08 14:31:30 root INFO Backend Object.configure: 23.8 ms [Finished 4.945 s after backend start]
2022-12-08 14:31:30 root INFO Backend MessagingContribution.onStart: 3.6 ms [Finished 4.945 s after backend start]
2022-12-08 14:31:30 root INFO Backend OSBackendApplicationContribution.configure: 0.7 ms [Finished 5.076 s after backend start]
2022-12-08 14:31:30 root INFO Backend DefaultWorkspaceServer.onStart: 0.6 ms [Finished 5.076 s after backend start]
2022-12-08 14:31:30 root INFO Backend LocalizationBackendContribution.configure: 0.3 ms [Finished 5.077 s after backend start]
2022-12-08 14:31:30 root WARN Backend LocalizationBackendContribution.initialize took longer than the expected maximum 50 milliseconds: 131.5 ms [Finished 5.077 s after backend start]
2022-12-08 14:31:30 root INFO Backend TaskBackendApplicationContribution.onStart: 0.5 ms [Finished 5.077 s after backend start]
2022-12-08 14:31:30 root INFO Backend ElectronTokenBackendContribution.configure: 1.9 ms [Finished 5.079 s after backend start]
2022-12-08 14:31:30 root INFO Backend PluginDeployerContribution.initialize: 0.8 ms [Finished 5.080 s after backend start]
2022-12-08 14:31:30 root INFO Backend ConfigServiceImpl.onStart: 1.4 ms [Finished 5.081 s after backend start]
2022-12-08 14:31:30 root INFO Backend WebviewBackendSecurityWarnings.initialize: 0.8 ms [Finished 5.083 s after backend start]
2022-12-08 14:31:30 root INFO Backend ArduinoDaemonImpl.onStart: 1.7 ms [Finished 5.084 s after backend start]
2022-12-08 14:31:30 root INFO Backend NodeFileUploadService.configure: 3.4 ms [Finished 5.084 s after backend start]
2022-12-08 14:31:30 daemon INFO Starting daemon from /opt/arduino-ide/resources/app/node_modules/arduino-ide-extension/build/arduino-cli...
2022-12-08 14:31:30 discovery-log INFO start
2022-12-08 14:31:30 discovery-log INFO start new deferred
2022-12-08 14:31:30 root INFO Backend BoardDiscovery.onStart: 1.8 ms [Finished 5.087 s after backend start]
2022-12-08 14:31:30 root INFO Backend FileDownloadEndpoint.configure: 0.9 ms [Finished 5.087 s after backend start]
2022-12-08 14:31:30 root INFO Backend AuthenticationServiceImpl.onStart: 0.7 ms [Finished 5.089 s after backend start]
2022-12-08 14:31:30 root INFO Backend PluginApiContribution.configure: 0.8 ms [Finished 5.090 s after backend start]
2022-12-08 14:31:30 root INFO Backend HostedPluginReader.configure: 0.4 ms [Finished 5.091 s after backend start]
2022-12-08 14:31:30 root INFO Backend HostedPluginReader.configure: 0.2 ms [Finished 5.091 s after backend start]
2022-12-08 14:31:30 root INFO Backend PlotterBackendContribution.configure: 17.8 ms [Finished 5.109 s after backend start]
2022-12-08 14:31:30 root INFO Theia app listening on http://localhost:33967.
2022-12-08 14:31:30 root INFO Finished starting backend application: 23.6 ms [Finished 5.114 s after backend start]
2022-12-08 14:31:30 root WARN The local plugin referenced by local-dir:/home/amrit/.arduinoIDE/extensions does not exist.
2022-12-08 14:31:30 root WARN The local plugin referenced by local-dir:/home/amrit/.arduinoProIDE/plugins does not exist.
2022-12-08 14:31:30 root WARN The local plugin referenced by local-dir:/home/amrit/.arduinoIDE/plugins does not exist.
2022-12-08 14:31:31 root INFO PluginTheiaDirectoryHandler: accepting plugin with path
2022-12-08 14:31:31 root INFO Resolved "cortex-debug" to a VS Code extension "cortex-debug@0.3.10" with engines:
2022-12-08 14:31:31 root INFO PluginTheiaDirectoryHandler: accepting plugin with path
2022-12-08 14:31:31 root INFO Resolved "vscode-arduino-tools" to a VS Code extension "vscode-arduino-tools@0.0.2-beta.5" with engines:
2022-12-08 14:31:31 root INFO PluginTheiaDirectoryHandler: accepting plugin with path
2022-12-08 14:31:31 root INFO Resolved "vscode-builtin-cpp" to a VS Code extension "cpp@1.52.1" with engines:
2022-12-08 14:31:31 root INFO PluginTheiaDirectoryHandler: accepting plugin with path
2022-12-08 14:31:31 root INFO Resolved "vscode-builtin-json" to a VS Code extension "json@1.46.1" with engines:
2022-12-08 14:31:31 root INFO PluginTheiaDirectoryHandler: accepting plugin with path
2022-12-08 14:31:31 root INFO Resolved "vscode-builtin-json-language-features" to a VS Code extension "json-language-features@1.46.1" with engines:
2022-12-08 14:31:31 root INFO PluginTheiaDirectoryHandler: accepting plugin with path
2022-12-08 14:31:31 root INFO Resolved "vscode-language-pack-bg" to a VS Code extension "vscode-language-pack-bg@1.48.3" with engines:
2022-12-08 14:31:31 root INFO PluginTheiaDirectoryHandler: accepting plugin with path
2022-12-08 14:31:31 root INFO Resolved "vscode-language-pack-cs" to a VS Code extension "vscode-language-pack-cs@1.53.2" with engines:
2022-12-08 14:31:31 root INFO PluginTheiaDirectoryHandler: accepting plugin with path
2022-12-08 14:31:31 root INFO Resolved "vscode-language-pack-de" to a VS Code extension "vscode-language-pack-de@1.53.2" with engines:
2022-12-08 14:31:31 root INFO PluginTheiaDirectoryHandler: accepting plugin with path
2022-12-08 14:31:31 root INFO Resolved "vscode-language-pack-es" to a VS Code extension "vscode-language-pack-es@1.53.2" with engines:
2022-12-08 14:31:31 root INFO PluginTheiaDirectoryHandler: accepting plugin with path
2022-12-08 14:31:31 root INFO Resolved "vscode-language-pack-fr" to a VS Code extension "vscode-language-pack-fr@1.53.2" with engines:
2022-12-08 14:31:31 root INFO PluginTheiaDirectoryHandler: accepting plugin with path
2022-12-08 14:31:31 root INFO Resolved "vscode-language-pack-hu" to a VS Code extension "vscode-language-pack-hu@1.48.3" with engines:
2022-12-08 14:31:31 root INFO PluginTheiaDirectoryHandler: accepting plugin with path
2022-12-08 14:31:31 root INFO Resolved "vscode-language-pack-it" to a VS Code extension "vscode-language-pack-it@1.53.2" with engines:
2022-12-08 14:31:31 root INFO PluginTheiaDirectoryHandler: accepting plugin with path
2022-12-08 14:31:31 root INFO Resolved "vscode-language-pack-ja" to a VS Code extension "vscode-language-pack-ja@1.53.2" with engines:
2022-12-08 14:31:31 root INFO PluginTheiaDirectoryHandler: accepting plugin with path
2022-12-08 14:31:31 root INFO Resolved "vscode-language-pack-ko" to a VS Code extension "vscode-language-pack-ko@1.53.2" with engines:
2022-12-08 14:31:31 root INFO PluginTheiaDirectoryHandler: accepting plugin with path
2022-12-08 14:31:31 root INFO Resolved "vscode-language-pack-nl" to a VS Code extension "vscode-language-pack-nl@1.48.3" with engines:
2022-12-08 14:31:31 root INFO PluginTheiaDirectoryHandler: accepting plugin with path
2022-12-08 14:31:31 root INFO Resolved "vscode-language-pack-pl" to a VS Code extension "vscode-language-pack-pl@1.53.2" with engines:
2022-12-08 14:31:31 root INFO PluginTheiaDirectoryHandler: accepting plugin with path
2022-12-08 14:31:31 root INFO Resolved "vscode-language-pack-pt-BR" to a VS Code extension "vscode-language-pack-pt-BR@1.53.2" with engines:
2022-12-08 14:31:31 root INFO PluginTheiaDirectoryHandler: accepting plugin with path
2022-12-08 14:31:31 root INFO Resolved "vscode-language-pack-ru" to a VS Code extension "vscode-language-pack-ru@1.53.2" with engines:
2022-12-08 14:31:31 root INFO PluginTheiaDirectoryHandler: accepting plugin with path
2022-12-08 14:31:31 root INFO Resolved "vscode-language-pack-tr" to a VS Code extension "vscode-language-pack-tr@1.53.2" with engines:
2022-12-08 14:31:31 root INFO PluginTheiaDirectoryHandler: accepting plugin with path
2022-12-08 14:31:31 root INFO Resolved "vscode-language-pack-uk" to a VS Code extension "vscode-language-pack-uk@1.48.3" with engines:
2022-12-08 14:31:31 root INFO PluginTheiaDirectoryHandler: accepting plugin with path
2022-12-08 14:31:31 root INFO Resolved "vscode-language-pack-zh-hans" to a VS Code extension "vscode-language-pack-zh-hans@1.53.2" with engines:
2022-12-08 14:31:31 root INFO Resolve plugins list: 1020.1 ms [Finished 6.108 s after backend start]
2022-12-08 14:31:31 root INFO Deployed backend plugin "cortex-debug@0.3.10" from "/opt/arduino-ide/resources/app/plugins/cortex-debug/extension/dist/extension": 55.2 ms [Finished 6.164 s after backend start]
2022-12-08 14:31:31 root INFO Deployed backend plugin "vscode-arduino-tools@0.0.2-beta.5" from "/opt/arduino-ide/resources/app/plugins/vscode-arduino-tools/extension/dist/bundle": 7.1 ms [Finished 6.171 s after backend start]
2022-12-08 14:31:31 root INFO Deployed backend plugin "cpp@1.52.1" from "/opt/arduino-ide/resources/app/plugins/vscode-builtin-cpp/extension": 182.5 ms [Finished 6.353 s after backend start]
2022-12-08 14:31:31 root INFO Deployed backend plugin "json@1.46.1" from "/opt/arduino-ide/resources/app/plugins/vscode-builtin-json/extension": 3.9 ms [Finished 6.357 s after backend start]
2022-12-08 14:31:31 root INFO Deployed backend plugin "json-language-features@1.46.1" from "/opt/arduino-ide/resources/app/plugins/vscode-builtin-json-language-features/extension/client/dist/jsonMain": 0.8 ms [Finished 6.358 s after backend start]
2022-12-08 14:31:32 root INFO Deployed backend plugin "vscode-language-pack-bg@1.48.3" from "/opt/arduino-ide/resources/app/plugins/vscode-language-pack-bg/extension": 474.0 ms [Finished 6.832 s after backend start]
2022-12-08 14:31:32 root INFO Deployed backend plugin "vscode-language-pack-cs@1.53.2" from "/opt/arduino-ide/resources/app/plugins/vscode-language-pack-cs/extension": 179.6 ms [Finished 7.012 s after backend start]
2022-12-08 14:31:32 root INFO Deployed backend plugin "vscode-language-pack-de@1.53.2" from "/opt/arduino-ide/resources/app/plugins/vscode-language-pack-de/extension": 141.4 ms [Finished 7.153 s after backend start]
2022-12-08 14:31:32 root INFO Deployed backend plugin "vscode-language-pack-es@1.53.2" from "/opt/arduino-ide/resources/app/plugins/vscode-language-pack-es/extension": 224.1 ms [Finished 7.377 s after backend start]
2022-12-08 14:31:32 daemon INFO [36mINFO[0m[0000] Using config file: /home/amrit/.arduinoIDE/arduino-cli.yaml 
[36mINFO[0m[0000] arduino-cli version 0.29.0                   
[36mINFO[0m[0000] Executing `arduino-cli daemon`               
{"IP":"127.0.0.1","Port":"40791"}

2022-12-08 14:31:32 daemon INFO Daemon is running.
2022-12-08 14:31:33 root INFO Deployed backend plugin "vscode-language-pack-fr@1.53.2" from "/opt/arduino-ide/resources/app/plugins/vscode-language-pack-fr/extension": 409.8 ms [Finished 7.787 s after backend start]
2022-12-08 14:31:33 daemon INFO [36mINFO[0m[0001] Loading hardware from: /home/amrit/.arduino15/packages 

2022-12-08 14:31:33 root INFO Deployed backend plugin "vscode-language-pack-hu@1.48.3" from "/opt/arduino-ide/resources/app/plugins/vscode-language-pack-hu/extension": 419.6 ms [Finished 8.207 s after backend start]
2022-12-08 14:31:33 root INFO Deployed backend plugin "vscode-language-pack-it@1.53.2" from "/opt/arduino-ide/resources/app/plugins/vscode-language-pack-it/extension": 190.9 ms [Finished 8.398 s after backend start]
2022-12-08 14:31:33 daemon INFO [36mINFO[0m[0001] Loading package arduino from: /home/amrit/.arduino15/packages/arduino/hardware 

2022-12-08 14:31:34 root INFO Deployed backend plugin "vscode-language-pack-ja@1.53.2" from "/opt/arduino-ide/resources/app/plugins/vscode-language-pack-ja/extension": 178.9 ms [Finished 8.577 s after backend start]
2022-12-08 14:31:34 root INFO Deployed backend plugin "vscode-language-pack-ko@1.53.2" from "/opt/arduino-ide/resources/app/plugins/vscode-language-pack-ko/extension": 361.9 ms [Finished 8.939 s after backend start]
2022-12-08 14:31:34 daemon INFO [36mINFO[0m[0001] Checking signature                            [36merror[0m="opening signature file: open /home/amrit/.arduino15/packages/arduino/hardware/avr/1.8.6/installed.json.sig: no such file or directory" [36mindex[0m=/home/amrit/.arduino15/packages/arduino/hardware/avr/1.8.6/installed.json [36msignatureFile[0m=/home/amrit/.arduino15/packages/arduino/hardware/avr/1.8.6/installed.json.sig
[36mINFO[0m[0002] Adding monitor tool                           [36mprotocol[0m=serial [36mtool[0m="builtin:serial-monitor"
[36mINFO[0m[0002] Loaded platform                               [36mplatform[0m="arduino:avr@1.8.6"
[36mINFO[0m[0002] Checking existence of 'tools' path: /home/amrit/.arduino15/packages/arduino/tools 
[36mINFO[0m[0002] Loading tools from dir: /home/amrit/.arduino15/packages/arduino/tools 
[36mINFO[0m[0002] Loaded tool                                   [36mtool[0m="arduino:arduinoOTA@1.3.0"
[36mINFO[0m[0002] Loaded tool                                   [36mtool[0m="arduino:avr-gcc@7.3.0-atmel3.6.1-arduino7"
[36mINFO[0m[0002] Loaded tool                                   [36mtool[0m="arduino:avrdude@6.3.0-arduino17"
[36mINFO[0m[0002] Loading package builtin from: /home/amrit/.arduino15/packages/builtin 
[36mINFO[0m[0002] Checking existence of 'tools' path: /home/amrit/.arduino15/packages/builtin/tools 
[36mINFO[0m[0002] Loading tools from dir: /home/amrit/.arduino15/packages/builtin/tools 
[36mINFO[0m[0002] Loaded tool                                   [36mtool[0m="builtin:ctags@5.8-arduino11"
[36mINFO[0m[0002] Loaded tool                                   [36mtool[0m="builtin:mdns-discovery@1.0.6"
[36mINFO[0m[0002] Loaded tool                                   [36mtool[0m="builtin:serial-discovery@1.3.2"
[36mINFO[0m[0002] Loaded tool                                   [36mtool[0m="builtin:serial-monitor@0.11.0"

2022-12-08 14:31:35 root INFO Deployed backend plugin "vscode-language-pack-nl@1.48.3" from "/opt/arduino-ide/resources/app/plugins/vscode-language-pack-nl/extension": 568.8 ms [Finished 9.508 s after backend start]
2022-12-08 14:31:35 daemon INFO [36mINFO[0m[0002] Checking signature                            [36mindex[0m=/home/amrit/.arduino15/package_index.json [36msignatureFile[0m=/home/amrit/.arduino15/package_index.json.sig [36mtrusted[0m=true
[36mINFO[0m[0002] Adding libraries dir                          [36mdir[0m=/home/amrit/.arduino15/packages/arduino/hardware/avr/1.8.6/libraries [36mlocation[0m=platform
[36mINFO[0m[0002] Loading libraries index file                  [36mindex[0m=/home/amrit/.arduino15/library_index.json

2022-12-08 14:31:35 root INFO Deployed backend plugin "vscode-language-pack-pl@1.53.2" from "/opt/arduino-ide/resources/app/plugins/vscode-language-pack-pl/extension": 214.3 ms [Finished 9.722 s after backend start]
2022-12-08 14:31:35 root INFO Deployed backend plugin "vscode-language-pack-pt-BR@1.53.2" from "/opt/arduino-ide/resources/app/plugins/vscode-language-pack-pt-BR/extension": 111.3 ms [Finished 9.833 s after backend start]
2022-12-08 14:31:35 daemon INFO [36mINFO[0m[0003] Adding libraries dir                          [36mdir[0m=/home/amrit/.arduino15/libraries [36mlocation[0m=ide
[36mINFO[0m[0003] Adding libraries dir                          [36mdir[0m=/home/amrit/Arduino/libraries [36mlocation[0m=user

2022-12-08 14:31:35 root INFO Deployed backend plugin "vscode-language-pack-ru@1.53.2" from "/opt/arduino-ide/resources/app/plugins/vscode-language-pack-ru/extension": 307.1 ms [Finished 10.140 s after backend start]
2022-12-08 14:31:35 root INFO Deployed backend plugin "vscode-language-pack-tr@1.53.2" from "/opt/arduino-ide/resources/app/plugins/vscode-language-pack-tr/extension": 265.9 ms [Finished 10.406 s after backend start]
2022-12-08 14:31:36 root INFO Deployed backend plugin "vscode-language-pack-uk@1.48.3" from "/opt/arduino-ide/resources/app/plugins/vscode-language-pack-uk/extension": 289.4 ms [Finished 10.696 s after backend start]
2022-12-08 14:31:36 root INFO Deployed backend plugin "vscode-language-pack-zh-hans@1.53.2" from "/opt/arduino-ide/resources/app/plugins/vscode-language-pack-zh-hans/extension": 299.8 ms [Finished 10.996 s after backend start]
2022-12-08 14:31:36 root INFO Deploy plugins list: 1020.1 ms [Finished 11.009 s after backend start]
2022-12-08 14:31:36 discovery-log INFO start request start watch
2022-12-08 14:31:36 discovery-log INFO start requested start watch
2022-12-08 14:31:36 discovery-log INFO start resolved watching
2022-12-08 14:31:36 daemon INFO [36mINFO[0m[0004] starting discovery builtin:mdns-discovery process 

2022-12-08 14:31:36 daemon INFO [36mINFO[0m[0004] starting discovery builtin:serial-discovery process 

2022-12-08 14:31:36 daemon INFO [36mINFO[0m[0004] started discovery builtin:mdns-discovery process 
[36mINFO[0m[0004] sending command HELLO 1 "arduino-cli 0.29.0" to discovery builtin:mdns-discovery 

2022-12-08 14:31:36 daemon INFO [36mINFO[0m[0004] started discovery builtin:serial-discovery process 
[36mINFO[0m[0004] sending command HELLO 1 "arduino-cli 0.29.0" to discovery builtin:serial-discovery 

2022-12-08 14:31:36 daemon INFO [36mINFO[0m[0004] from discovery builtin:serial-discovery received message type: hello, message: OK, protocol version: 1 
[36mINFO[0m[0004] sending command START_SYNC to discovery builtin:serial-discovery 

2022-12-08 14:31:36 daemon INFO [36mINFO[0m[0004] from discovery builtin:serial-discovery received message type: start_sync, message: OK 

2022-12-08 14:31:36 daemon INFO [36mINFO[0m[0004] from discovery builtin:serial-discovery received message type: add, port: /dev/ttyACM0 

2022-12-08 14:31:36 daemon INFO [36mINFO[0m[0004] from discovery builtin:mdns-discovery received message type: hello, message: OK, protocol version: 1 
[36mINFO[0m[0004] sending command START_SYNC to discovery builtin:mdns-discovery 

2022-12-08 14:31:36 daemon INFO [36mINFO[0m[0004] from discovery builtin:mdns-discovery received message type: start_sync, message: OK 

2022-12-08 14:31:37 discovery-log INFO {"eventType":"add","port":{"matchingBoardsList":[{"name":"Arduino Uno","fqbn":"arduino:avr:uno","isHidden":false}],"port":{"address":"/dev/ttyACM0","label":"/dev/ttyACM0","protocol":"serial","protocolLabel":"Serial Port (USB)","propertiesMap":[["pid","0x0043"],["serialNumber","7503330343435120C102"],["vid","0x2341"]]}},"error":""}
2022-12-08 14:31:40 sketches-service WARN Warning! The request sketch path was different than the response sketch path from the CLI. This could be a potential bug. Request: </home/amrit/Arduino/temperatureRead/temperatureRead.ino>, response: </home/amrit/Arduino/temperatureRead>.
2022-12-08 14:31:40 root WARN Frontend s.configure took longer than the expected maximum 100 milliseconds: 426.7 ms [Finished 6.842 s after frontend start]
2022-12-08 14:31:40 root WARN Frontend commands.onStart took longer than the expected maximum 100 milliseconds: 181.1 ms [Finished 7.030 s after frontend start]
2022-12-08 14:31:40 root WARN Frontend keybindings.onStart took longer than the expected maximum 100 milliseconds: 176.1 ms [Finished 7.206 s after frontend start]
2022-12-08 14:31:40 root WARN Frontend menus.onStart took longer than the expected maximum 100 milliseconds: 142.0 ms [Finished 7.349 s after frontend start]
2022-12-08 14:31:40 root WARN Frontend m.onStart took longer than the expected maximum 100 milliseconds: 240.2 ms [Finished 7.737 s after frontend start]
2022-12-08 14:31:40 root WARN Frontend l.onStart took longer than the expected maximum 100 milliseconds: 142.0 ms [Finished 7.886 s after frontend start]
2022-12-08 14:31:40 root INFO Start frontend contributions: 1679.5 ms [Finished 7.907 s after frontend start]
2022-12-08 14:31:40 root INFO Changed application state from 'init' to 'started_contributions'.
2022-12-08 14:31:41 root INFO Changed application state from 'started_contributions' to 'attached_shell'.
2022-12-08 14:31:41 root INFO >>> Restoring the layout state...
2022-12-08 14:31:41 root INFO ------- SERIALIZED LAYOUT DATA -------
2022-12-08 14:31:41 root INFO {"version":5,"mainPanel":{"main":{"type":"tab-area","widgets":[{"constructionOptions":{"factoryId":"code-editor-opener","options":{"kind":"navigatable","uri":"file:///home/amrit/Arduino/temperatureRead/temperatureRead.ino","counter":0}},"innerWidgetState":"{\"cursorState\":[{\"inSelectionMode\":false,\"selectionStart\":{\"lineNumber\":6,\"column\":2},\"position\":{\"lineNumber\":6,\"column\":2}}],\"viewState\":{\"scrollLeft\":0,\"firstPosition\":{\"lineNumber\":1,\"column\":1},\"firstPositionDeltaTop\":0},\"contributionsState\":{\"editor.contrib.folding\":{\"lineCount\":20,\"provider\":\"indent\",\"foldedImports\":false},\"editor.contrib.wordHighlighter\":false}}"}],"currentIndex":0}},"mainPanelPinned":[false],"bottomPanel":{"config":{"main":{"type":"tab-area","widgets":[{"constructionOptions":{"factoryId":"outputView"},"innerWidgetState":"{\"locked\":false}"},{"constructionOptions":{"factoryId":"serial-monitor"}}],"currentIndex":1}},"pinned":[false,false],"size":244,"expanded":true},"leftPanel":{"type":"sidepanel","items":[{"widget":{"constructionOptions":{"factoryId":"arduino-sketchbook-widget"}},"rank":1,"expanded":false,"pinned":false},{"widget":{"constructionOptions":{"factoryId":"boards-list-widget"}},"rank":2,"expanded":false,"pinned":false},{"widget":{"constructionOptions":{"factoryId":"library-list-widget"}},"rank":3,"expanded":false,"pinned":false},{"widget":{"constructionOptions":{"factoryId":"debug"},"innerWidgetState":"{\"parts\":[{\"partId\":\"debug:threads:-1\",\"collapsed\":false,\"hidden\":false,\"originalContainerId\":\"debug:view-container:-1\",\"originalContainerTitle\":{\"label\":\"debug\",\"iconClass\":\"codicon codicon-debug-alt\",\"closeable\":true}},{\"partId\":\"debug:frames:-1\",\"collapsed\":false,\"hidden\":false,\"originalContainerId\":\"debug:view-container:-1\",\"originalContainerTitle\":{\"label\":\"debug\",\"iconClass\":\"codicon codicon-debug-alt\",\"closeable\":true}},{\"partId\":\"debug:variables:-1\",\"collapsed\":false,\"hidden\":false,\"originalContainerId\":\"debug:view-container:-1\",\"originalContainerTitle\":{\"label\":\"debug\",\"iconClass\":\"codicon codicon-debug-alt\",\"closeable\":true}},{\"partId\":\"debug:watch:-1\",\"collapsed\":false,\"hidden\":false,\"originalContainerId\":\"debug:view-container:-1\",\"originalContainerTitle\":{\"label\":\"debug\",\"iconClass\":\"codicon codicon-debug-alt\",\"closeable\":true}},{\"partId\":\"debug:breakpoints:-1\",\"collapsed\":false,\"hidden\":false,\"originalContainerId\":\"debug:view-container:-1\",\"originalContainerTitle\":{\"label\":\"debug\",\"iconClass\":\"codicon codicon-debug-alt\",\"closeable\":true}},{\"partId\":\"plugin-view:cortex-debug.peripherals\",\"collapsed\":true,\"hidden\":true,\"originalContainerId\":\"debug:view-container:-1\",\"originalContainerTitle\":{\"label\":\"debug\",\"iconClass\":\"codicon codicon-debug-alt\",\"closeable\":true},\"widget\":{\"constructionOptions\":{\"factoryId\":\"plugin-view\",\"options\":{\"id\":\"plugin-view:cortex-debug.peripherals\",\"viewId\":\"cortex-debug.peripherals\"}},\"innerWidgetState\":\"{\\\"label\\\":\\\"Cortex Peripherals\\\",\\\"widgets\\\":[],\\\"suppressUpdateViewVisibility\\\":false,\\\"currentViewContainerId\\\":\\\"debug\\\"}\"}},{\"partId\":\"plugin-view:cortex-debug.registers\",\"collapsed\":true,\"hidden\":true,\"originalContainerId\":\"debug:view-container:-1\",\"originalContainerTitle\":{\"label\":\"debug\",\"iconClass\":\"codicon codicon-debug-alt\",\"closeable\":true},\"widget\":{\"constructionOptions\":{\"factoryId\":\"plugin-view\",\"options\":{\"id\":\"plugin-view:cortex-debug.registers\",\"viewId\":\"cortex-debug.registers\"}},\"innerWidgetState\":\"{\\\"label\\\":\\\"Cortex Registers\\\",\\\"widgets\\\":[],\\\"suppressUpdateViewVisibility\\\":false,\\\"currentViewContainerId\\\":\\\"debug\\\"}\"}}],\"title\":{\"label\":\"debug\",\"iconClass\":\"codicon codicon-debug-alt\",\"closeable\":true}}"},"rank":4,"expanded":false,"pinned":false},{"widget":{"constructionOptions":{"factoryId":"search-view-container"},"innerWidgetState":"{\"parts\":[{\"partId\":\"search-in-workspace\",\"collapsed\":false,\"hidden\":false,\"originalContainerId\":\"search-view-container\",\"originalContainerTitle\":{\"label\":\"Search\",\"iconClass\":\"codicon codicon-search\",\"closeable\":true},\"widget\":{\"constructionOptions\":{\"factoryId\":\"search-in-workspace\"},\"innerWidgetState\":\"{\\\"matchCaseState\\\":{\\\"className\\\":\\\"codicon codicon-case-sensitive\\\",\\\"enabled\\\":false,\\\"title\\\":\\\"Match Case\\\"},\\\"wholeWordState\\\":{\\\"className\\\":\\\"codicon codicon-whole-word\\\",\\\"enabled\\\":false,\\\"title\\\":\\\"Match Whole Word\\\"},\\\"regExpState\\\":{\\\"className\\\":\\\"codicon codicon-regex\\\",\\\"enabled\\\":false,\\\"title\\\":\\\"Use Regular Expression\\\"},\\\"includeIgnoredState\\\":{\\\"className\\\":\\\"codicon codicon-eye\\\",\\\"enabled\\\":false,\\\"title\\\":\\\"Include Ignored Files\\\"},\\\"showSearchDetails\\\":false,\\\"searchInWorkspaceOptions\\\":{\\\"matchCase\\\":false,\\\"matchWholeWord\\\":false,\\\"useRegExp\\\":false,\\\"includeIgnored\\\":false,\\\"include\\\":[],\\\"exclude\\\":[],\\\"maxResults\\\":2000},\\\"searchTerm\\\":\\\"\\\",\\\"replaceTerm\\\":\\\"\\\",\\\"showReplaceField\\\":false,\\\"searchHistoryState\\\":{\\\"history\\\":[],\\\"index\\\":0},\\\"replaceHistoryState\\\":{\\\"history\\\":[],\\\"index\\\":0},\\\"includeHistoryState\\\":{\\\"history\\\":[],\\\"index\\\":0},\\\"excludeHistoryState\\\":{\\\"history\\\":[],\\\"index\\\":0}}\"}}],\"title\":{\"label\":\"Search\",\"iconClass\":\"fa fa-arduino-search\",\"closeable\":true}}"},"rank":5,"expanded":false,"pinned":false}]},"rightPanel":{"type":"sidepanel","items":[]},"activeWidgetId":"code-editor-opener:file:///home/amrit/Arduino/temperatureRead/temperatureRead.ino:0"}
2022-12-08 14:31:41 root INFO ------- END SERIALIZED LAYOUT DATA -------
2022-12-08 14:31:41 root INFO [75442022-7655-424a-85ec-d6abe292487f] Waiting for backend deployment: 276.9 ms [Finished 8.169 s after frontend start]
2022-12-08 14:31:42 root ERROR Request initAuthSession failed with error: The name org.freedesktop.secrets was not provided by any .service files
2022-12-08 14:31:42 root INFO [hosted-plugin: 4058] PLUGIN_HOST(4058) starting instance
2022-12-08 14:31:42 root INFO [75442022-7655-424a-85ec-d6abe292487f] Sync of 21 plugins: 1828.9 ms [Finished 9.998 s after frontend start]
2022-12-08 14:31:43 root INFO <<< The layout has been successfully restored.
2022-12-08 14:31:43 root INFO Initialize the workbench layout: 2717.6 ms [Finished 10.724 s after frontend start]
2022-12-08 14:31:43 root INFO Changed application state from 'attached_shell' to 'initialized_layout'.
2022-12-08 14:31:43 root INFO [75442022-7655-424a-85ec-d6abe292487f][marus25.cortex-debug]: Loaded contributions.
2022-12-08 14:31:44 root INFO [75442022-7655-424a-85ec-d6abe292487f][arduino.vscode-arduino-tools]: Loaded contributions.
2022-12-08 14:31:44 root INFO [75442022-7655-424a-85ec-d6abe292487f][vscode.cpp]: Loaded contributions.
2022-12-08 14:31:44 root INFO [75442022-7655-424a-85ec-d6abe292487f][vscode.json]: Loaded contributions.
2022-12-08 14:31:44 root INFO [75442022-7655-424a-85ec-d6abe292487f][vscode.json-language-features]: Loaded contributions.
2022-12-08 14:31:44 root INFO [75442022-7655-424a-85ec-d6abe292487f][ms-ceintl.vscode-language-pack-bg]: Loaded contributions.
2022-12-08 14:31:44 root INFO [75442022-7655-424a-85ec-d6abe292487f][ms-ceintl.vscode-language-pack-cs]: Loaded contributions.
2022-12-08 14:31:44 root INFO [75442022-7655-424a-85ec-d6abe292487f][ms-ceintl.vscode-language-pack-de]: Loaded contributions.
2022-12-08 14:31:44 root INFO [75442022-7655-424a-85ec-d6abe292487f][ms-ceintl.vscode-language-pack-es]: Loaded contributions.
2022-12-08 14:31:44 root INFO [75442022-7655-424a-85ec-d6abe292487f][ms-ceintl.vscode-language-pack-fr]: Loaded contributions.
2022-12-08 14:31:44 root INFO [75442022-7655-424a-85ec-d6abe292487f][ms-ceintl.vscode-language-pack-hu]: Loaded contributions.
2022-12-08 14:31:44 root INFO [75442022-7655-424a-85ec-d6abe292487f][ms-ceintl.vscode-language-pack-it]: Loaded contributions.
2022-12-08 14:31:44 root INFO [75442022-7655-424a-85ec-d6abe292487f][ms-ceintl.vscode-language-pack-ja]: Loaded contributions.
2022-12-08 14:31:44 root INFO [75442022-7655-424a-85ec-d6abe292487f][ms-ceintl.vscode-language-pack-ko]: Loaded contributions.
2022-12-08 14:31:44 root INFO [75442022-7655-424a-85ec-d6abe292487f][ms-ceintl.vscode-language-pack-nl]: Loaded contributions.
2022-12-08 14:31:44 root INFO [75442022-7655-424a-85ec-d6abe292487f][ms-ceintl.vscode-language-pack-pl]: Loaded contributions.
2022-12-08 14:31:44 root INFO [75442022-7655-424a-85ec-d6abe292487f][ms-ceintl.vscode-language-pack-pt-br]: Loaded contributions.
2022-12-08 14:31:44 root INFO [75442022-7655-424a-85ec-d6abe292487f][ms-ceintl.vscode-language-pack-ru]: Loaded contributions.
2022-12-08 14:31:44 root INFO [75442022-7655-424a-85ec-d6abe292487f][ms-ceintl.vscode-language-pack-tr]: Loaded contributions.
2022-12-08 14:31:44 root INFO [75442022-7655-424a-85ec-d6abe292487f][ms-ceintl.vscode-language-pack-uk]: Loaded contributions.
2022-12-08 14:31:44 root INFO [75442022-7655-424a-85ec-d6abe292487f][ms-ceintl.vscode-language-pack-zh-hans]: Loaded contributions.
2022-12-08 14:31:44 root INFO [75442022-7655-424a-85ec-d6abe292487f] Load contributions of 21 plugins: 258.9 ms [Finished 10.985 s after frontend start]
2022-12-08 14:31:44 root WARN Frontend T.onDidInitializeLayout took longer than the expected maximum 100 milliseconds: 266.1 ms [Finished 10.991 s after frontend start]
2022-12-08 14:31:44 root WARN 'cpp' language is remapped from 'source.cpp.embedded.macro' to 'source.cpp' scope
2022-12-08 14:31:44 root WARN a registered grammar configuration for 'cpp' language is overridden
2022-12-08 14:31:46 root INFO Frontend application start: 6238.8 ms [Finished 20.432 s after backend start]
2022-12-08 14:31:46 root INFO Replace loading indicator with ready workbench UI (animation): 1034.2 ms [Finished 12.032 s after frontend start]
2022-12-08 14:31:46 root INFO Changed application state from 'initialized_layout' to 'ready'.
2022-12-08 14:31:46 root INFO [hosted-plugin: 4058] PLUGIN_HOST(4058): PluginManagerExtImpl/init()
2022-12-08 14:31:46 daemon INFO [36mINFO[0m[0014] Updating libraries index                     
[36mINFO[0m[0014] Updating index                                [36murl[0m="https://downloads.arduino.cc/packages/package_index.tar.bz2"

2022-12-08 14:31:46 root INFO core-client-provider [library-index]
2022-12-08 14:31:46 root INFO core-client-provider [platform-index]
2022-12-08 14:31:46 root INFO [hosted-plugin: 4058] PLUGIN_HOST(4058): initializing(cortex-debug@0.3.10 with /opt/arduino-ide/resources/app/node_modules/@theia/plugin-ext-vscode/lib/node/plugin-vscode-init)
2022-12-08 14:31:46 root INFO [hosted-plugin: 4058] Debugger contribution has been registered: cortex-debug
2022-12-08 14:31:46 root INFO [hosted-plugin: 4058] PLUGIN_HOST(4058): initializing(vscode-arduino-tools@0.0.2-beta.5 with /opt/arduino-ide/resources/app/node_modules/@theia/plugin-ext-vscode/lib/node/plugin-vscode-init)
2022-12-08 14:31:46 root INFO [hosted-plugin: 4058] PLUGIN_HOST(4058): initializing(cpp@1.52.1 with /opt/arduino-ide/resources/app/node_modules/@theia/plugin-ext-vscode/lib/node/plugin-vscode-init)
2022-12-08 14:31:46 root INFO [hosted-plugin: 4058] PLUGIN_HOST(4058): initializing(json@1.46.1 with /opt/arduino-ide/resources/app/node_modules/@theia/plugin-ext-vscode/lib/node/plugin-vscode-init)
2022-12-08 14:31:46 root INFO [hosted-plugin: 4058] PLUGIN_HOST(4058): initializing(json-language-features@1.46.1 with /opt/arduino-ide/resources/app/node_modules/@theia/plugin-ext-vscode/lib/node/plugin-vscode-init)
2022-12-08 14:31:46 root INFO [hosted-plugin: 4058] PLUGIN_HOST(4058): initializing(vscode-language-pack-bg@1.48.3 with /opt/arduino-ide/resources/app/node_modules/@theia/plugin-ext-vscode/lib/node/plugin-vscode-init)
2022-12-08 14:31:46 root INFO [hosted-plugin: 4058] PLUGIN_HOST(4058): initializing(vscode-language-pack-cs@1.53.2 with /opt/arduino-ide/resources/app/node_modules/@theia/plugin-ext-vscode/lib/node/plugin-vscode-init)
2022-12-08 14:31:46 root INFO [hosted-plugin: 4058] PLUGIN_HOST(4058): initializing(vscode-language-pack-de@1.53.2 with /opt/arduino-ide/resources/app/node_modules/@theia/plugin-ext-vscode/lib/node/plugin-vscode-init)
2022-12-08 14:31:46 root INFO [hosted-plugin: 4058] PLUGIN_HOST(4058): initializing(vscode-language-pack-es@1.53.2 with /opt/arduino-ide/resources/app/node_modules/@theia/plugin-ext-vscode/lib/node/plugin-vscode-init)
2022-12-08 14:31:46 root INFO [hosted-plugin: 4058] PLUGIN_HOST(4058): initializing(vscode-language-pack-fr@1.53.2 with /opt/arduino-ide/resources/app/node_modules/@theia/plugin-ext-vscode/lib/node/plugin-vscode-init)
2022-12-08 14:31:46 root INFO [hosted-plugin: 4058] PLUGIN_HOST(4058): initializing(vscode-language-pack-hu@1.48.3 with /opt/arduino-ide/resources/app/node_modules/@theia/plugin-ext-vscode/lib/node/plugin-vscode-init)
2022-12-08 14:31:46 root INFO [hosted-plugin: 4058] PLUGIN_HOST(4058): initializing(vscode-language-pack-it@1.53.2 with /opt/arduino-ide/resources/app/node_modules/@theia/plugin-ext-vscode/lib/node/plugin-vscode-init)
2022-12-08 14:31:46 root INFO [hosted-plugin: 4058] PLUGIN_HOST(4058): initializing(vscode-language-pack-ja@1.53.2 with /opt/arduino-ide/resources/app/node_modules/@theia/plugin-ext-vscode/lib/node/plugin-vscode-init)
2022-12-08 14:31:46 root INFO [hosted-plugin: 4058] PLUGIN_HOST(4058): initializing(vscode-language-pack-ko@1.53.2 with /opt/arduino-ide/resources/app/node_modules/@theia/plugin-ext-vscode/lib/node/plugin-vscode-init)
2022-12-08 14:31:46 root INFO [hosted-plugin: 4058] PLUGIN_HOST(4058): initializing(vscode-language-pack-nl@1.48.3 with /opt/arduino-ide/resources/app/node_modules/@theia/plugin-ext-vscode/lib/node/plugin-vscode-init)
2022-12-08 14:31:46 root INFO [hosted-plugin: 4058] PLUGIN_HOST(4058): initializing(vscode-language-pack-pl@1.53.2 with /opt/arduino-ide/resources/app/node_modules/@theia/plugin-ext-vscode/lib/node/plugin-vscode-init)
2022-12-08 14:31:46 root INFO [hosted-plugin: 4058] PLUGIN_HOST(4058): initializing(vscode-language-pack-pt-BR@1.53.2 with /opt/arduino-ide/resources/app/node_modules/@theia/plugin-ext-vscode/lib/node/plugin-vscode-init)
2022-12-08 14:31:46 root INFO [hosted-plugin: 4058] PLUGIN_HOST(4058): initializing(vscode-language-pack-ru@1.53.2 with /opt/arduino-ide/resources/app/node_modules/@theia/plugin-ext-vscode/lib/node/plugin-vscode-init)
2022-12-08 14:31:46 root INFO [hosted-plugin: 4058] PLUGIN_HOST(4058): initializing(vscode-language-pack-tr@1.53.2 with /opt/arduino-ide/resources/app/node_modules/@theia/plugin-ext-vscode/lib/node/plugin-vscode-init)
2022-12-08 14:31:46 root INFO [hosted-plugin: 4058] PLUGIN_HOST(4058): initializing(vscode-language-pack-uk@1.48.3 with /opt/arduino-ide/resources/app/node_modules/@theia/plugin-ext-vscode/lib/node/plugin-vscode-init)
2022-12-08 14:31:46 root INFO [hosted-plugin: 4058] PLUGIN_HOST(4058): initializing(vscode-language-pack-zh-hans@1.53.2 with /opt/arduino-ide/resources/app/node_modules/@theia/plugin-ext-vscode/lib/node/plugin-vscode-init)
2022-12-08 14:31:47 monitor-service INFO starting monitor
2022-12-08 14:31:47 daemon INFO [36mINFO[0m[0014] Starting monitor process                      [36mmonitor[0m=serial-monitor
[36mINFO[0m[0014] Starting monitor process                      [36mmonitor[0m=serial-monitor

2022-12-08 14:31:47 daemon INFO [36mINFO[0m[0014] Monitor process started successfully!         [36mmonitor[0m=serial-monitor
[36mINFO[0m[0014] sending command                               [36mcommand[0m="HELLO 1 \"arduino-cli 0.29.0\"" [36mmonitor[0m=serial-monitor

2022-12-08 14:31:47 daemon INFO [36mINFO[0m[0014] Monitor process started successfully!         [36mmonitor[0m=serial-monitor
[36mINFO[0m[0014] sending command                               [36mcommand[0m="HELLO 1 \"arduino-cli 0.29.0\"" [36mmonitor[0m=serial-monitor

2022-12-08 14:31:47 daemon INFO [36mINFO[0m[0015] received message                              [36merror[0m=false [36mevent_type[0m=hello [36mmessage[0m=OK [36mmonitor[0m=serial-monitor
[36mINFO[0m[0015] sending command                               [36mcommand[0m=DESCRIBE [36mmonitor[0m=serial-monitor
[36mINFO[0m[0015] received message                              [36merror[0m=false [36mevent_type[0m=hello [36mmessage[0m=OK [36mmonitor[0m=serial-monitor
[36mINFO[0m[0015] sending command                               [36mcommand[0m=DESCRIBE [36mmonitor[0m=serial-monitor
[36mINFO[0m[0015] received message                              [36merror[0m=false [36mevent_type[0m=describe [36mmessage[0m=OK [36mmonitor[0m=serial-monitor
[36mINFO[0m[0015] sending command                               [36mcommand[0m=QUIT [36mmonitor[0m=serial-monitor
[36mINFO[0m[0015] received message                              [36merror[0m=false [36mevent_type[0m=quit [36mmessage[0m=OK [36mmonitor[0m=serial-monitor

2022-12-08 14:31:47 daemon INFO [36mINFO[0m[0015] received message                              [36merror[0m=false [36mevent_type[0m=describe [36mmessage[0m=OK [36mmonitor[0m=serial-monitor
[36mINFO[0m[0015] sending command                               [36mcommand[0m=QUIT [36mmonitor[0m=serial-monitor
[36mINFO[0m[0015] received message                              [36merror[0m=false [36mevent_type[0m=quit [36mmessage[0m=OK [36mmonitor[0m=serial-monitor
[31mERRO[0m[0015] stopped decode loop: EOF                      [31mmonitor[0m=serial-monitor
[36mINFO[0m[0015] Killing monitor process                       [36mmonitor[0m=serial-monitor
[36mINFO[0m[0015] Monitor process killed                        [36mmonitor[0m=serial-monitor

2022-12-08 14:31:47 daemon INFO [36mINFO[0m[0015] Killing monitor process                       [36mmonitor[0m=serial-monitor
[36mINFO[0m[0015] Monitor process killed                        [36mmonitor[0m=serial-monitor
[31mERRO[0m[0015] stopped decode loop: read |0: file already closed  [31mmonitor[0m=serial-monitor

2022-12-08 14:31:47 daemon INFO [36mINFO[0m[0015] Starting monitor process                      [36mmonitor[0m=serial-monitor
[36mINFO[0m[0015] Monitor process started successfully!         [36mmonitor[0m=serial-monitor
[36mINFO[0m[0015] sending command                               [36mcommand[0m="HELLO 1 \"arduino-cli 0.29.0\"" [36mmonitor[0m=serial-monitor

2022-12-08 14:31:47 monitor-service INFO started monitor to /dev/ttyACM0 using serial
2022-12-08 14:31:47 daemon INFO [36mINFO[0m[0015] received message                              [36merror[0m=false [36mevent_type[0m=hello [36mmessage[0m=OK [36mmonitor[0m=serial-monitor
[36mINFO[0m[0015] sending command                               [36mcommand[0m=DESCRIBE [36mmonitor[0m=serial-monitor
[36mINFO[0m[0015] received message                              [36merror[0m=false [36mevent_type[0m=describe [36mmessage[0m=OK [36mmonitor[0m=serial-monitor
[36mINFO[0m[0015] sending command                               [36mcommand[0m="CONFIGURE stop_bits 1" [36mmonitor[0m=serial-monitor
[36mINFO[0m[0015] received message                              [36merror[0m=false [36mevent_type[0m=configure [36mmessage[0m=OK [36mmonitor[0m=serial-monitor
[36mINFO[0m[0015] sending command                               [36mcommand[0m="CONFIGURE baudrate 9600" [36mmonitor[0m=serial-monitor
[36mINFO[0m[0015] received message                              [36merror[0m=false [36mevent_type[0m=configure [36mmessage[0m=OK [36mmonitor[0m=serial-monitor
[36mINFO[0m[0015] sending command                               [36mcommand[0m="CONFIGURE bits 8" [36mmonitor[0m=serial-monitor
[36mINFO[0m[0015] received message                              [36merror[0m=false [36mevent_type[0m=configure [36mmessage[0m=OK [36mmonitor[0m=serial-monitor
[36mINFO[0m[0015] sending command                               [36mcommand[0m="CONFIGURE dtr on" [36mmonitor[0m=serial-monitor
[36mINFO[0m[0015] received message                              [36merror[0m=false [36mevent_type[0m=configure [36mmessage[0m=OK [36mmonitor[0m=serial-monitor
[36mINFO[0m[0015] sending command                               [36mcommand[0m="CONFIGURE parity none" [36mmonitor[0m=serial-monitor
[36mINFO[0m[0015] received message                              [36merror[0m=false [36mevent_type[0m=configure [36mmessage[0m=OK [36mmonitor[0m=serial-monitor
[36mINFO[0m[0015] sending command                               [36mcommand[0m="CONFIGURE rts on" [36mmonitor[0m=serial-monitor
[36mINFO[0m[0015] received message                              [36merror[0m=false [36mevent_type[0m=configure [36mmessage[0m=OK [36mmonitor[0m=serial-monitor
[36mINFO[0m[0015] sending command                               [36mcommand[0m="OPEN 127.0.0.1:34189 /dev/ttyACM0" [36mmonitor[0m=serial-monitor
[36mINFO[0m[0015] received message                              [36merror[0m=false [36mevent_type[0m=open [36mmessage[0m=OK [36mmonitor[0m=serial-monitor
[36mINFO[0m[0015] Port /dev/ttyACM0 successfully opened        

2022-12-08 14:31:49 root ERROR ---- !!!SLOW!!! DURATION: search took 3434.053 ms. Args: [{"type":"Updatable"}] ----
2022-12-08 14:31:50 root INFO [hosted-plugin: 4058] PLUGIN_HOST(4058): PluginManagerExtImpl/loadPlugin(/opt/arduino-ide/resources/app/plugins/vscode-builtin-json-language-features/extension/client/dist/jsonMain)
2022-12-08 14:31:50 root INFO [hosted-plugin: 4058] PLUGIN_HOST(4058): PluginManagerExtImpl/loadPlugin(/opt/arduino-ide/resources/app/plugins/vscode-arduino-tools/extension/dist/bundle)
2022-12-08 14:31:50 root INFO [75442022-7655-424a-85ec-d6abe292487f][marus25.cortex-debug]: Started plugin.
2022-12-08 14:31:50 root INFO [75442022-7655-424a-85ec-d6abe292487f][arduino.vscode-arduino-tools]: Started plugin.
2022-12-08 14:31:50 root INFO [75442022-7655-424a-85ec-d6abe292487f][vscode.cpp]: Started plugin.
2022-12-08 14:31:50 root INFO [75442022-7655-424a-85ec-d6abe292487f][vscode.json]: Started plugin.
2022-12-08 14:31:50 root INFO [75442022-7655-424a-85ec-d6abe292487f][vscode.json-language-features]: Started plugin.
2022-12-08 14:31:50 root INFO [75442022-7655-424a-85ec-d6abe292487f][ms-ceintl.vscode-language-pack-bg]: Started plugin.
2022-12-08 14:31:50 root INFO [75442022-7655-424a-85ec-d6abe292487f][ms-ceintl.vscode-language-pack-cs]: Started plugin.
2022-12-08 14:31:50 root INFO [75442022-7655-424a-85ec-d6abe292487f][ms-ceintl.vscode-language-pack-de]: Started plugin.
2022-12-08 14:31:50 root INFO [75442022-7655-424a-85ec-d6abe292487f][ms-ceintl.vscode-language-pack-es]: Started plugin.
2022-12-08 14:31:50 root INFO [75442022-7655-424a-85ec-d6abe292487f][ms-ceintl.vscode-language-pack-fr]: Started plugin.
2022-12-08 14:31:50 root INFO [75442022-7655-424a-85ec-d6abe292487f][ms-ceintl.vscode-language-pack-hu]: Started plugin.
2022-12-08 14:31:50 root INFO [75442022-7655-424a-85ec-d6abe292487f][ms-ceintl.vscode-language-pack-it]: Started plugin.
2022-12-08 14:31:50 root INFO [75442022-7655-424a-85ec-d6abe292487f][ms-ceintl.vscode-language-pack-ja]: Started plugin.
2022-12-08 14:31:50 root INFO [75442022-7655-424a-85ec-d6abe292487f][ms-ceintl.vscode-language-pack-ko]: Started plugin.
2022-12-08 14:31:50 root INFO [75442022-7655-424a-85ec-d6abe292487f][ms-ceintl.vscode-language-pack-nl]: Started plugin.
2022-12-08 14:31:50 root INFO [75442022-7655-424a-85ec-d6abe292487f][ms-ceintl.vscode-language-pack-pl]: Started plugin.
2022-12-08 14:31:50 root INFO [75442022-7655-424a-85ec-d6abe292487f][ms-ceintl.vscode-language-pack-pt-br]: Started plugin.
2022-12-08 14:31:50 root INFO [75442022-7655-424a-85ec-d6abe292487f][ms-ceintl.vscode-language-pack-ru]: Started plugin.
2022-12-08 14:31:50 root INFO [75442022-7655-424a-85ec-d6abe292487f][ms-ceintl.vscode-language-pack-tr]: Started plugin.
2022-12-08 14:31:50 root INFO [75442022-7655-424a-85ec-d6abe292487f][ms-ceintl.vscode-language-pack-uk]: Started plugin.
2022-12-08 14:31:50 root INFO [75442022-7655-424a-85ec-d6abe292487f][ms-ceintl.vscode-language-pack-zh-hans]: Started plugin.
2022-12-08 14:31:50 root INFO [75442022-7655-424a-85ec-d6abe292487f] Start of 21 plugins: 6775.0 ms [Finished 17.788 s after frontend start]
2022-12-08 14:31:50 root INFO Starting language server: arduino:avr:uno
2022-12-08 14:31:51 daemon INFO [36mINFO[0m[0018] Searching tools required for board arduino:avr:uno 

2022-12-08 14:31:51 daemon INFO [36mINFO[0m[0018] Required tool                                 [36mtool[0m="arduino:arduinoOTA@1.3.0"
[36mINFO[0m[0018] Required tool                                 [36mtool[0m="arduino:avr-gcc@7.3.0-atmel3.6.1-arduino7"
[36mINFO[0m[0018] Required tool                                 [36mtool[0m="arduino:avrdude@6.3.0-arduino17"

2022-12-08 14:31:51 daemon INFO [36mINFO[0m[0018] Adding libraries dir                          [36mdir[0m=/home/amrit/.arduino15/libraries [36mlocation[0m=ide
[36mINFO[0m[0018] Adding libraries dir                          [36mdir[0m=/home/amrit/.arduino15/packages/arduino/hardware/avr/1.8.6/libraries [36mlocation[0m=platform
[36mINFO[0m[0018] Adding libraries dir                          [36mdir[0m=/home/amrit/Arduino/libraries [36mlocation[0m=user

2022-12-08 14:31:52 daemon INFO [36mINFO[0m[0019] Loading hardware from: /home/amrit/.arduino15/packages 

2022-12-08 14:31:52 daemon INFO [36mINFO[0m[0019] Loading package arduino from: /home/amrit/.arduino15/packages/arduino/hardware 

2022-12-08 14:31:52 daemon INFO [36mINFO[0m[0019] Checking signature                            [36merror[0m="opening signature file: open /home/amrit/.arduino15/packages/arduino/hardware/avr/1.8.6/installed.json.sig: no such file or directory" [36mindex[0m=/home/amrit/.arduino15/packages/arduino/hardware/avr/1.8.6/installed.json [36msignatureFile[0m=/home/amrit/.arduino15/packages/arduino/hardware/avr/1.8.6/installed.json.sig

2022-12-08 14:31:52 daemon INFO [36mINFO[0m[0019] Adding monitor tool                           [36mprotocol[0m=serial [36mtool[0m="builtin:serial-monitor"
[36mINFO[0m[0019] Loaded platform                               [36mplatform[0m="arduino:avr@1.8.6"

2022-12-08 14:31:52 daemon INFO [36mINFO[0m[0019] Checking existence of 'tools' path: /home/amrit/.arduino15/packages/arduino/tools 
[36mINFO[0m[0019] Loading tools from dir: /home/amrit/.arduino15/packages/arduino/tools 
[36mINFO[0m[0019] Loaded tool                                   [36mtool[0m="arduino:arduinoOTA@1.3.0"
[36mINFO[0m[0019] Loaded tool                                   [36mtool[0m="arduino:avr-gcc@7.3.0-atmel3.6.1-arduino7"
[36mINFO[0m[0019] Loaded tool                                   [36mtool[0m="arduino:avrdude@6.3.0-arduino17"
[36mINFO[0m[0019] Loading package builtin from: /home/amrit/.arduino15/packages/builtin 
[36mINFO[0m[0019] Checking existence of 'tools' path: /home/amrit/.arduino15/packages/builtin/tools 
[36mINFO[0m[0019] Loading tools from dir: /home/amrit/.arduino15/packages/builtin/tools 
[36mINFO[0m[0019] Loaded tool                                   [36mtool[0m="builtin:ctags@5.8-arduino11"
[36mINFO[0m[0019] Loaded tool                                   [36mtool[0m="builtin:mdns-discovery@1.0.6"
[36mINFO[0m[0019] Loaded tool                                   [36mtool[0m="builtin:serial-discovery@1.3.2"
[36mINFO[0m[0019] Loaded tool                                   [36mtool[0m="builtin:serial-monitor@0.11.0"

2022-12-08 14:31:52 daemon INFO [36mINFO[0m[0019] Checking signature                            [36mindex[0m=/home/amrit/.arduino15/package_index.json [36msignatureFile[0m=/home/amrit/.arduino15/package_index.json.sig [36mtrusted[0m=true

2022-12-08 14:31:52 daemon INFO [36mINFO[0m[0020] Adding libraries dir                          [36mdir[0m=/home/amrit/.arduino15/packages/arduino/hardware/avr/1.8.6/libraries [36mlocation[0m=platform
[36mINFO[0m[0020] Loading libraries index file                  [36mindex[0m=/home/amrit/.arduino15/library_index.json

2022-12-08 14:31:52 daemon INFO [36mINFO[0m[0020] Searching tools required for board arduino:avr:uno 

2022-12-08 14:31:52 daemon INFO [36mINFO[0m[0020] Required tool                                 [36mtool[0m="arduino:arduinoOTA@1.3.0"
[36mINFO[0m[0020] Required tool                                 [36mtool[0m="arduino:avr-gcc@7.3.0-atmel3.6.1-arduino7"
[36mINFO[0m[0020] Required tool                                 [36mtool[0m="arduino:avrdude@6.3.0-arduino17"

2022-12-08 14:31:52 daemon INFO [36mINFO[0m[0020] Adding libraries dir                          [36mdir[0m=/home/amrit/.arduino15/libraries [36mlocation[0m=ide

2022-12-08 14:31:52 daemon INFO [36mINFO[0m[0020] Adding libraries dir                          [36mdir[0m=/home/amrit/Arduino/libraries [36mlocation[0m=user

2022-12-08 14:31:59 daemon INFO [36mINFO[0m[0027] Searching tools required for board arduino:avr:uno 
[36mINFO[0m[0027] Required tool                                 [36mtool[0m="arduino:arduinoOTA@1.3.0"
[36mINFO[0m[0027] Required tool                                 [36mtool[0m="arduino:avr-gcc@7.3.0-atmel3.6.1-arduino7"
[36mINFO[0m[0027] Required tool                                 [36mtool[0m="arduino:avrdude@6.3.0-arduino17"

2022-12-08 14:32:00 daemon INFO [36mINFO[0m[0028] Searching tools required for board arduino:avr:uno 
[36mINFO[0m[0028] Required tool                                 [36mtool[0m="arduino:arduinoOTA@1.3.0"

2022-12-08 14:32:00 daemon INFO [36mINFO[0m[0028] Required tool                                 [36mtool[0m="arduino:avr-gcc@7.3.0-atmel3.6.1-arduino7"
[36mINFO[0m[0028] Required tool                                 [36mtool[0m="arduino:avrdude@6.3.0-arduino17"

2022-12-08 14:32:12 root WARN Frontend s.configure took longer than the expected maximum 100 milliseconds: 349.4 ms [Finished 3.317 s after frontend start]
2022-12-08 14:32:12 root WARN Frontend commands.onStart took longer than the expected maximum 100 milliseconds: 110.4 ms [Finished 3.431 s after frontend start]
2022-12-08 14:32:12 root WARN Frontend keybindings.onStart took longer than the expected maximum 100 milliseconds: 131.7 ms [Finished 3.562 s after frontend start]
2022-12-08 14:32:12 root WARN Frontend m.onStart took longer than the expected maximum 100 milliseconds: 191.6 ms [Finished 3.924 s after frontend start]
2022-12-08 14:32:12 root INFO Start frontend contributions: 1213.9 ms [Finished 4.048 s after frontend start]
2022-12-08 14:32:12 root INFO Changed application state from 'init' to 'started_contributions'.
2022-12-08 14:32:12 root INFO Changed application state from 'started_contributions' to 'attached_shell'.
2022-12-08 14:32:12 root INFO >>> Restoring the layout state...
2022-12-08 14:32:12 root INFO <<< Nothing to restore.
2022-12-08 14:32:12 root INFO Initialize the workbench layout: 119.6 ms [Finished 4.257 s after frontend start]
2022-12-08 14:32:12 root INFO Changed application state from 'attached_shell' to 'initialized_layout'.
2022-12-08 14:32:13 root INFO [32a7d9e0-a6ca-4645-b35f-94cb74c96cbc] Waiting for backend deployment: 510.0 ms [Finished 4.546 s after frontend start]
2022-12-08 14:32:13 root INFO [hosted-plugin: 4184] PLUGIN_HOST(4184) starting instance
2022-12-08 14:32:14 root ERROR Request initAuthSession failed with error: The name org.freedesktop.secrets was not provided by any .service files
2022-12-08 14:32:14 monitor-service INFO stopped monitor to /dev/ttyACM0 using serial
2022-12-08 14:32:14 daemon INFO [36mINFO[0m[0042] sending command                               [36mcommand[0m=CLOSE [36mmonitor[0m=serial-monitor

2022-12-08 14:32:14 daemon INFO [36mINFO[0m[0042] received message                              [36merror[0m=false [36mevent_type[0m=close [36mmessage[0m=OK [36mmonitor[0m=serial-monitor
[36mINFO[0m[0042] sending command                               [36mcommand[0m=QUIT [36mmonitor[0m=serial-monitor
[36mINFO[0m[0042] received message                              [36merror[0m=false [36mevent_type[0m=quit [36mmessage[0m=OK [36mmonitor[0m=serial-monitor
[36mINFO[0m[0042] Killing monitor process                       [36mmonitor[0m=serial-monitor

2022-12-08 14:32:14 daemon INFO [31mERRO[0m[0042] stopped decode loop: EOF                      [31mmonitor[0m=serial-monitor
[36mINFO[0m[0042] Monitor process killed                        [36mmonitor[0m=serial-monitor

2022-12-08 14:32:14 monitor-service INFO monitor to /dev/ttyACM0 using serial closed by server
2022-12-08 14:32:14 monitor-service INFO monitor to /dev/ttyACM0 using serial closed by client
2022-12-08 14:32:14 root INFO Frontend application start: 3118.2 ms [Finished 49.163 s after backend start]
2022-12-08 14:32:14 root INFO Replace loading indicator with ready workbench UI (animation): 911.2 ms [Finished 5.172 s after frontend start]
2022-12-08 14:32:14 root INFO Changed application state from 'initialized_layout' to 'ready'.
2022-12-08 14:32:14 root INFO Executing startup tasks:
2022-12-08 14:32:14 root INFO  - 'arduino-use-inherited-boards-config' , args: [{"selectedBoard":{"fqbn":"arduino:avr:uno","name":"Arduino Uno","port":{"address":"/dev/ttyACM0","addressLabel":"/dev/ttyACM0","protocol":"serial","protocolLabel":"Serial Port (USB)","properties":{"pid":"0x0043","serialNumber":"7503330343435120C102","vid":"0x2341"}},"state":0,"selected":false},"selectedPort":{"address":"/dev/ttyACM0","addressLabel":"/dev/ttyACM0","protocol":"serial","protocolLabel":"Serial Port (USB)","properties":{"pid":"0x0043","serialNumber":"7503330343435120C102","vid":"0x2341"}}}]
2022-12-08 14:32:15 root INFO [32a7d9e0-a6ca-4645-b35f-94cb74c96cbc] Sync of 21 plugins: 2612.1 ms [Finished 7.159 s after frontend start]
2022-12-08 14:32:15 root INFO [32a7d9e0-a6ca-4645-b35f-94cb74c96cbc][marus25.cortex-debug]: Loaded contributions.
2022-12-08 14:32:15 root INFO [32a7d9e0-a6ca-4645-b35f-94cb74c96cbc][arduino.vscode-arduino-tools]: Loaded contributions.
2022-12-08 14:32:15 root INFO [32a7d9e0-a6ca-4645-b35f-94cb74c96cbc][vscode.cpp]: Loaded contributions.
2022-12-08 14:32:15 root INFO [32a7d9e0-a6ca-4645-b35f-94cb74c96cbc][vscode.json]: Loaded contributions.
2022-12-08 14:32:15 root INFO [32a7d9e0-a6ca-4645-b35f-94cb74c96cbc][vscode.json-language-features]: Loaded contributions.
2022-12-08 14:32:15 root INFO [32a7d9e0-a6ca-4645-b35f-94cb74c96cbc][ms-ceintl.vscode-language-pack-bg]: Loaded contributions.
2022-12-08 14:32:15 root INFO [32a7d9e0-a6ca-4645-b35f-94cb74c96cbc][ms-ceintl.vscode-language-pack-cs]: Loaded contributions.
2022-12-08 14:32:15 root INFO [32a7d9e0-a6ca-4645-b35f-94cb74c96cbc][ms-ceintl.vscode-language-pack-de]: Loaded contributions.
2022-12-08 14:32:15 root INFO [32a7d9e0-a6ca-4645-b35f-94cb74c96cbc][ms-ceintl.vscode-language-pack-es]: Loaded contributions.
2022-12-08 14:32:15 root INFO [32a7d9e0-a6ca-4645-b35f-94cb74c96cbc][ms-ceintl.vscode-language-pack-fr]: Loaded contributions.
2022-12-08 14:32:15 root INFO [32a7d9e0-a6ca-4645-b35f-94cb74c96cbc][ms-ceintl.vscode-language-pack-hu]: Loaded contributions.
2022-12-08 14:32:15 root INFO [32a7d9e0-a6ca-4645-b35f-94cb74c96cbc][ms-ceintl.vscode-language-pack-it]: Loaded contributions.
2022-12-08 14:32:15 root INFO [32a7d9e0-a6ca-4645-b35f-94cb74c96cbc][ms-ceintl.vscode-language-pack-ja]: Loaded contributions.
2022-12-08 14:32:15 root INFO [32a7d9e0-a6ca-4645-b35f-94cb74c96cbc][ms-ceintl.vscode-language-pack-ko]: Loaded contributions.
2022-12-08 14:32:15 root INFO [32a7d9e0-a6ca-4645-b35f-94cb74c96cbc][ms-ceintl.vscode-language-pack-nl]: Loaded contributions.
2022-12-08 14:32:15 root INFO [32a7d9e0-a6ca-4645-b35f-94cb74c96cbc][ms-ceintl.vscode-language-pack-pl]: Loaded contributions.
2022-12-08 14:32:15 root INFO [32a7d9e0-a6ca-4645-b35f-94cb74c96cbc][ms-ceintl.vscode-language-pack-pt-br]: Loaded contributions.
2022-12-08 14:32:15 root INFO [32a7d9e0-a6ca-4645-b35f-94cb74c96cbc][ms-ceintl.vscode-language-pack-ru]: Loaded contributions.
2022-12-08 14:32:15 root INFO [32a7d9e0-a6ca-4645-b35f-94cb74c96cbc][ms-ceintl.vscode-language-pack-tr]: Loaded contributions.
2022-12-08 14:32:15 root INFO [32a7d9e0-a6ca-4645-b35f-94cb74c96cbc][ms-ceintl.vscode-language-pack-uk]: Loaded contributions.
2022-12-08 14:32:15 root INFO [32a7d9e0-a6ca-4645-b35f-94cb74c96cbc][ms-ceintl.vscode-language-pack-zh-hans]: Loaded contributions.
2022-12-08 14:32:15 root INFO [32a7d9e0-a6ca-4645-b35f-94cb74c96cbc] Load contributions of 21 plugins: 98.9 ms [Finished 7.258 s after frontend start]
2022-12-08 14:32:15 root WARN 'cpp' language is remapped from 'source.cpp.embedded.macro' to 'source.cpp' scope
2022-12-08 14:32:15 root WARN a registered grammar configuration for 'cpp' language is overridden
2022-12-08 14:32:18 root INFO [hosted-plugin: 4184] PLUGIN_HOST(4184): PluginManagerExtImpl/init()
2022-12-08 14:32:18 root INFO [hosted-plugin: 4184] PLUGIN_HOST(4184): initializing(cortex-debug@0.3.10 with /opt/arduino-ide/resources/app/node_modules/@theia/plugin-ext-vscode/lib/node/plugin-vscode-init)
2022-12-08 14:32:18 root INFO [hosted-plugin: 4184] Debugger contribution has been registered: cortex-debug
2022-12-08 14:32:18 root INFO [hosted-plugin: 4184] PLUGIN_HOST(4184): initializing(vscode-arduino-tools@0.0.2-beta.5 with /opt/arduino-ide/resources/app/node_modules/@theia/plugin-ext-vscode/lib/node/plugin-vscode-init)
2022-12-08 14:32:18 root INFO [hosted-plugin: 4184] PLUGIN_HOST(4184): initializing(cpp@1.52.1 with /opt/arduino-ide/resources/app/node_modules/@theia/plugin-ext-vscode/lib/node/plugin-vscode-init)
2022-12-08 14:32:18 root INFO [hosted-plugin: 4184] PLUGIN_HOST(4184): initializing(json@1.46.1 with /opt/arduino-ide/resources/app/node_modules/@theia/plugin-ext-vscode/lib/node/plugin-vscode-init)
2022-12-08 14:32:18 root INFO [hosted-plugin: 4184] PLUGIN_HOST(4184): initializing(json-language-features@1.46.1 with /opt/arduino-ide/resources/app/node_modules/@theia/plugin-ext-vscode/lib/node/plugin-vscode-init)
2022-12-08 14:32:18 root INFO [hosted-plugin: 4184] PLUGIN_HOST(4184): initializing(vscode-language-pack-bg@1.48.3 with /opt/arduino-ide/resources/app/node_modules/@theia/plugin-ext-vscode/lib/node/plugin-vscode-init)
2022-12-08 14:32:18 root INFO [hosted-plugin: 4184] PLUGIN_HOST(4184): initializing(vscode-language-pack-cs@1.53.2 with /opt/arduino-ide/resources/app/node_modules/@theia/plugin-ext-vscode/lib/node/plugin-vscode-init)
2022-12-08 14:32:18 root INFO [hosted-plugin: 4184] PLUGIN_HOST(4184): initializing(vscode-language-pack-de@1.53.2 with /opt/arduino-ide/resources/app/node_modules/@theia/plugin-ext-vscode/lib/node/plugin-vscode-init)
2022-12-08 14:32:18 root INFO [hosted-plugin: 4184] PLUGIN_HOST(4184): initializing(vscode-language-pack-es@1.53.2 with /opt/arduino-ide/resources/app/node_modules/@theia/plugin-ext-vscode/lib/node/plugin-vscode-init)
2022-12-08 14:32:18 root INFO [hosted-plugin: 4184] PLUGIN_HOST(4184): initializing(vscode-language-pack-fr@1.53.2 with /opt/arduino-ide/resources/app/node_modules/@theia/plugin-ext-vscode/lib/node/plugin-vscode-init)
2022-12-08 14:32:18 root INFO [hosted-plugin: 4184] PLUGIN_HOST(4184): initializing(vscode-language-pack-hu@1.48.3 with /opt/arduino-ide/resources/app/node_modules/@theia/plugin-ext-vscode/lib/node/plugin-vscode-init)
2022-12-08 14:32:18 root INFO [hosted-plugin: 4184] PLUGIN_HOST(4184): initializing(vscode-language-pack-it@1.53.2 with /opt/arduino-ide/resources/app/node_modules/@theia/plugin-ext-vscode/lib/node/plugin-vscode-init)
2022-12-08 14:32:18 root INFO [hosted-plugin: 4184] PLUGIN_HOST(4184): initializing(vscode-language-pack-ja@1.53.2 with /opt/arduino-ide/resources/app/node_modules/@theia/plugin-ext-vscode/lib/node/plugin-vscode-init)
2022-12-08 14:32:18 root INFO [hosted-plugin: 4184] PLUGIN_HOST(4184): initializing(vscode-language-pack-ko@1.53.2 with /opt/arduino-ide/resources/app/node_modules/@theia/plugin-ext-vscode/lib/node/plugin-vscode-init)
2022-12-08 14:32:18 root INFO [hosted-plugin: 4184] PLUGIN_HOST(4184): initializing(vscode-language-pack-nl@1.48.3 with /opt/arduino-ide/resources/app/node_modules/@theia/plugin-ext-vscode/lib/node/plugin-vscode-init)
2022-12-08 14:32:18 root INFO [hosted-plugin: 4184] PLUGIN_HOST(4184): initializing(vscode-language-pack-pl@1.53.2 with /opt/arduino-ide/resources/app/node_modules/@theia/plugin-ext-vscode/lib/node/plugin-vscode-init)
2022-12-08 14:32:18 root INFO [hosted-plugin: 4184] PLUGIN_HOST(4184): initializing(vscode-language-pack-pt-BR@1.53.2 with /opt/arduino-ide/resources/app/node_modules/@theia/plugin-ext-vscode/lib/node/plugin-vscode-init)
2022-12-08 14:32:18 root INFO [hosted-plugin: 4184] PLUGIN_HOST(4184): initializing(vscode-language-pack-ru@1.53.2 with /opt/arduino-ide/resources/app/node_modules/@theia/plugin-ext-vscode/lib/node/plugin-vscode-init)
2022-12-08 14:32:18 root INFO [hosted-plugin: 4184] PLUGIN_HOST(4184): initializing(vscode-language-pack-tr@1.53.2 with /opt/arduino-ide/resources/app/node_modules/@theia/plugin-ext-vscode/lib/node/plugin-vscode-init)
2022-12-08 14:32:18 root INFO [hosted-plugin: 4184] PLUGIN_HOST(4184): initializing(vscode-language-pack-uk@1.48.3 with /opt/arduino-ide/resources/app/node_modules/@theia/plugin-ext-vscode/lib/node/plugin-vscode-init)
2022-12-08 14:32:18 root INFO [hosted-plugin: 4184] PLUGIN_HOST(4184): initializing(vscode-language-pack-zh-hans@1.53.2 with /opt/arduino-ide/resources/app/node_modules/@theia/plugin-ext-vscode/lib/node/plugin-vscode-init)
2022-12-08 14:32:18 root INFO [hosted-plugin: 4184] PLUGIN_HOST(4184): PluginManagerExtImpl/loadPlugin(/opt/arduino-ide/resources/app/plugins/vscode-builtin-json-language-features/extension/client/dist/jsonMain)
2022-12-08 14:32:18 root INFO [32a7d9e0-a6ca-4645-b35f-94cb74c96cbc][marus25.cortex-debug]: Started plugin.
2022-12-08 14:32:18 root INFO [32a7d9e0-a6ca-4645-b35f-94cb74c96cbc][arduino.vscode-arduino-tools]: Started plugin.
2022-12-08 14:32:18 root INFO [32a7d9e0-a6ca-4645-b35f-94cb74c96cbc][vscode.cpp]: Started plugin.
2022-12-08 14:32:18 root INFO [32a7d9e0-a6ca-4645-b35f-94cb74c96cbc][vscode.json]: Started plugin.
2022-12-08 14:32:18 root INFO [32a7d9e0-a6ca-4645-b35f-94cb74c96cbc][vscode.json-language-features]: Started plugin.
2022-12-08 14:32:18 root INFO [32a7d9e0-a6ca-4645-b35f-94cb74c96cbc][ms-ceintl.vscode-language-pack-bg]: Started plugin.
2022-12-08 14:32:18 root INFO [32a7d9e0-a6ca-4645-b35f-94cb74c96cbc][ms-ceintl.vscode-language-pack-cs]: Started plugin.
2022-12-08 14:32:18 root INFO [32a7d9e0-a6ca-4645-b35f-94cb74c96cbc][ms-ceintl.vscode-language-pack-de]: Started plugin.
2022-12-08 14:32:18 root INFO [32a7d9e0-a6ca-4645-b35f-94cb74c96cbc][ms-ceintl.vscode-language-pack-es]: Started plugin.
2022-12-08 14:32:18 root INFO [32a7d9e0-a6ca-4645-b35f-94cb74c96cbc][ms-ceintl.vscode-language-pack-fr]: Started plugin.
2022-12-08 14:32:18 root INFO [32a7d9e0-a6ca-4645-b35f-94cb74c96cbc][ms-ceintl.vscode-language-pack-hu]: Started plugin.
2022-12-08 14:32:18 root INFO [32a7d9e0-a6ca-4645-b35f-94cb74c96cbc][ms-ceintl.vscode-language-pack-it]: Started plugin.
2022-12-08 14:32:18 root INFO [32a7d9e0-a6ca-4645-b35f-94cb74c96cbc][ms-ceintl.vscode-language-pack-ja]: Started plugin.
2022-12-08 14:32:18 root INFO [32a7d9e0-a6ca-4645-b35f-94cb74c96cbc][ms-ceintl.vscode-language-pack-ko]: Started plugin.
2022-12-08 14:32:18 root INFO [32a7d9e0-a6ca-4645-b35f-94cb74c96cbc][ms-ceintl.vscode-language-pack-nl]: Started plugin.
2022-12-08 14:32:18 root INFO [32a7d9e0-a6ca-4645-b35f-94cb74c96cbc][ms-ceintl.vscode-language-pack-pl]: Started plugin.
2022-12-08 14:32:18 root INFO [32a7d9e0-a6ca-4645-b35f-94cb74c96cbc][ms-ceintl.vscode-language-pack-pt-br]: Started plugin.
2022-12-08 14:32:18 root INFO [32a7d9e0-a6ca-4645-b35f-94cb74c96cbc][ms-ceintl.vscode-language-pack-ru]: Started plugin.
2022-12-08 14:32:18 root INFO [32a7d9e0-a6ca-4645-b35f-94cb74c96cbc][ms-ceintl.vscode-language-pack-tr]: Started plugin.
2022-12-08 14:32:18 root INFO [32a7d9e0-a6ca-4645-b35f-94cb74c96cbc][ms-ceintl.vscode-language-pack-uk]: Started plugin.
2022-12-08 14:32:18 root INFO [32a7d9e0-a6ca-4645-b35f-94cb74c96cbc][ms-ceintl.vscode-language-pack-zh-hans]: Started plugin.
2022-12-08 14:32:18 root INFO [32a7d9e0-a6ca-4645-b35f-94cb74c96cbc] Start of 21 plugins: 2693.7 ms [Finished 9.983 s after frontend start]
2022-12-08 14:32:18 root INFO Starting language server: arduino:avr:uno
2022-12-08 14:32:18 root INFO [hosted-plugin: 4184] PLUGIN_HOST(4184): PluginManagerExtImpl/loadPlugin(/opt/arduino-ide/resources/app/plugins/vscode-arduino-tools/extension/dist/bundle)
2022-12-08 14:32:18 daemon INFO [36mINFO[0m[0046] Searching tools required for board arduino:avr:uno 
[36mINFO[0m[0046] Required tool                                 [36mtool[0m="arduino:arduinoOTA@1.3.0"
[36mINFO[0m[0046] Required tool                                 [36mtool[0m="arduino:avr-gcc@7.3.0-atmel3.6.1-arduino7"
[36mINFO[0m[0046] Required tool                                 [36mtool[0m="arduino:avrdude@6.3.0-arduino17"
[36mINFO[0m[0046] Adding libraries dir                          [36mdir[0m=/home/amrit/.arduino15/libraries [36mlocation[0m=ide
[36mINFO[0m[0046] Adding libraries dir                          [36mdir[0m=/home/amrit/.arduino15/packages/arduino/hardware/avr/1.8.6/libraries [36mlocation[0m=platform
[36mINFO[0m[0046] Adding libraries dir                          [36mdir[0m=/home/amrit/Arduino/libraries [36mlocation[0m=user

2022-12-08 14:32:18 daemon INFO [36mINFO[0m[0046] Searching tools required for board arduino:avr:uno 

2022-12-08 14:32:18 daemon INFO [36mINFO[0m[0046] Required tool                                 [36mtool[0m="arduino:arduinoOTA@1.3.0"
[36mINFO[0m[0046] Required tool                                 [36mtool[0m="arduino:avr-gcc@7.3.0-atmel3.6.1-arduino7"
[36mINFO[0m[0046] Required tool                                 [36mtool[0m="arduino:avrdude@6.3.0-arduino17"

2022-12-08 14:32:26 daemon INFO [36mINFO[0m[0054] Searching tools required for board arduino:avr:uno 
[36mINFO[0m[0054] Required tool                                 [36mtool[0m="arduino:arduinoOTA@1.3.0"

2022-12-08 14:32:26 daemon INFO [36mINFO[0m[0054] Required tool                                 [36mtool[0m="arduino:avr-gcc@7.3.0-atmel3.6.1-arduino7"
[36mINFO[0m[0054] Required tool                                 [36mtool[0m="arduino:avrdude@6.3.0-arduino17"

2022-12-08 14:32:29 daemon INFO [36mINFO[0m[0057] Searching tools required for board arduino:avr:uno 

2022-12-08 14:32:29 daemon INFO [36mINFO[0m[0057] Required tool                                 [36mtool[0m="arduino:arduinoOTA@1.3.0"
[36mINFO[0m[0057] Required tool                                 [36mtool[0m="arduino:avr-gcc@7.3.0-atmel3.6.1-arduino7"
[36mINFO[0m[0057] Required tool                                 [36mtool[0m="arduino:avrdude@6.3.0-arduino17"

2022-12-08 14:32:35 daemon INFO [36mINFO[0m[0062] Searching tools required for board arduino:avr:uno 
[36mINFO[0m[0062] Required tool                                 [36mtool[0m="arduino:arduinoOTA@1.3.0"
[36mINFO[0m[0062] Required tool                                 [36mtool[0m="arduino:avr-gcc@7.3.0-atmel3.6.1-arduino7"
[36mINFO[0m[0062] Required tool                                 [36mtool[0m="arduino:avrdude@6.3.0-arduino17"

2022-12-08 14:32:38 daemon INFO [36mINFO[0m[0065] Searching tools required for board arduino:avr:uno 
[36mINFO[0m[0065] Required tool                                 [36mtool[0m="arduino:arduinoOTA@1.3.0"
[36mINFO[0m[0065] Required tool                                 [36mtool[0m="arduino:avr-gcc@7.3.0-atmel3.6.1-arduino7"
[36mINFO[0m[0065] Required tool                                 [36mtool[0m="arduino:avrdude@6.3.0-arduino17"

2022-12-08 14:32:59 daemon INFO [36mINFO[0m[0087] Searching tools required for board arduino:avr:uno 
[36mINFO[0m[0087] Required tool                                 [36mtool[0m="arduino:arduinoOTA@1.3.0"
[36mINFO[0m[0087] Required tool                                 [36mtool[0m="arduino:avr-gcc@7.3.0-atmel3.6.1-arduino7"
[36mINFO[0m[0087] Required tool                                 [36mtool[0m="arduino:avrdude@6.3.0-arduino17"

2022-12-08 14:33:05 daemon INFO [36mINFO[0m[0093] Searching tools required for board arduino:avr:uno 
[36mINFO[0m[0093] Required tool                                 [36mtool[0m="arduino:arduinoOTA@1.3.0"
[36mINFO[0m[0093] Required tool                                 [36mtool[0m="arduino:avr-gcc@7.3.0-atmel3.6.1-arduino7"

2022-12-08 14:33:05 daemon INFO [36mINFO[0m[0093] Required tool                                 [36mtool[0m="arduino:avrdude@6.3.0-arduino17"

2022-12-08 14:33:06 daemon INFO [36mINFO[0m[0094] Searching tools required for board arduino:avr:uno 
[36mINFO[0m[0094] Required tool                                 [36mtool[0m="arduino:arduinoOTA@1.3.0"
[36mINFO[0m[0094] Required tool                                 [36mtool[0m="arduino:avr-gcc@7.3.0-atmel3.6.1-arduino7"
[36mINFO[0m[0094] Required tool                                 [36mtool[0m="arduino:avrdude@6.3.0-arduino17"

2022-12-08 14:33:11 daemon INFO [36mINFO[0m[0099] Searching tools required for board arduino:avr:uno 
[36mINFO[0m[0099] Required tool                                 [36mtool[0m="arduino:arduinoOTA@1.3.0"
[36mINFO[0m[0099] Required tool                                 [36mtool[0m="arduino:avr-gcc@7.3.0-atmel3.6.1-arduino7"
[36mINFO[0m[0099] Required tool                                 [36mtool[0m="arduino:avrdude@6.3.0-arduino17"

2022-12-08 14:33:16 daemon INFO [36mINFO[0m[0104] Searching tools required for board arduino:avr:uno 
[36mINFO[0m[0104] Required tool                                 [36mtool[0m="arduino:arduinoOTA@1.3.0"
[36mINFO[0m[0104] Required tool                                 [36mtool[0m="arduino:avr-gcc@7.3.0-atmel3.6.1-arduino7"
[36mINFO[0m[0104] Required tool                                 [36mtool[0m="arduino:avrdude@6.3.0-arduino17"

2022-12-08 14:33:18 daemon INFO [36mINFO[0m[0106] Searching tools required for board arduino:avr:uno 
[36mINFO[0m[0106] Required tool                                 [36mtool[0m="arduino:arduinoOTA@1.3.0"
[36mINFO[0m[0106] Required tool                                 [36mtool[0m="arduino:avr-gcc@7.3.0-atmel3.6.1-arduino7"
[36mINFO[0m[0106] Required tool                                 [36mtool[0m="arduino:avrdude@6.3.0-arduino17"

2022-12-08 14:33:21 daemon INFO [36mINFO[0m[0109] Searching tools required for board arduino:avr:uno 
[36mINFO[0m[0109] Required tool                                 [36mtool[0m="arduino:arduinoOTA@1.3.0"
[36mINFO[0m[0109] Required tool                                 [36mtool[0m="arduino:avr-gcc@7.3.0-atmel3.6.1-arduino7"
[36mINFO[0m[0109] Required tool                                 [36mtool[0m="arduino:avrdude@6.3.0-arduino17"

2022-12-08 14:33:23 daemon INFO [36mINFO[0m[0111] Searching tools required for board arduino:avr:uno 

2022-12-08 14:33:23 daemon INFO [36mINFO[0m[0111] Required tool                                 [36mtool[0m="arduino:arduinoOTA@1.3.0"
[36mINFO[0m[0111] Required tool                                 [36mtool[0m="arduino:avr-gcc@7.3.0-atmel3.6.1-arduino7"
[36mINFO[0m[0111] Required tool                                 [36mtool[0m="arduino:avrdude@6.3.0-arduino17"

2022-12-08 14:33:24 daemon INFO [36mINFO[0m[0112] Searching tools required for board arduino:avr:uno 
[36mINFO[0m[0112] Required tool                                 [36mtool[0m="arduino:arduinoOTA@1.3.0"
[36mINFO[0m[0112] Required tool                                 [36mtool[0m="arduino:avr-gcc@7.3.0-atmel3.6.1-arduino7"
[36mINFO[0m[0112] Required tool                                 [36mtool[0m="arduino:avrdude@6.3.0-arduino17"
[36mINFO[0m[0112] Adding libraries dir                          [36mdir[0m=/home/amrit/.arduino15/libraries [36mlocation[0m=ide
[36mINFO[0m[0112] Adding libraries dir                          [36mdir[0m=/home/amrit/.arduino15/packages/arduino/hardware/avr/1.8.6/libraries [36mlocation[0m=platform
[36mINFO[0m[0112] Adding libraries dir                          [36mdir[0m=/home/amrit/Arduino/libraries [36mlocation[0m=user

2022-12-08 14:33:26 root INFO Executing 'arduino.languageserver.notifyBuildDidComplete' with {"buildOutputUri":"file:///tmp/arduino-sketch-0B7070E3BB84BC7D816591F4B9C0B305"}
2022-12-08 14:33:26 daemon INFO [36mINFO[0m[0114] Searching tools required for board arduino:avr:uno 
[36mINFO[0m[0114] Required tool                                 [36mtool[0m="arduino:arduinoOTA@1.3.0"
[36mINFO[0m[0114] Required tool                                 [36mtool[0m="arduino:avr-gcc@7.3.0-atmel3.6.1-arduino7"
[36mINFO[0m[0114] Required tool                                 [36mtool[0m="arduino:avrdude@6.3.0-arduino17"
[36mINFO[0m[0114] Tool required for upload                      [36mtool[0m="arduino:arduinoOTA@1.3.0"
[36mINFO[0m[0114] Tool required for upload                      [36mtool[0m="arduino:avr-gcc@7.3.0-atmel3.6.1-arduino7"
[36mINFO[0m[0114] Tool required for upload                      [36mtool[0m="arduino:avrdude@6.3.0-arduino17"
[36mINFO[0m[0114] Tool required for upload                      [36mtool[0m="builtin:serial-monitor@0.11.0"
[36mINFO[0m[0114] Tool required for upload                      [36mtool[0m="builtin:ctags@5.8-arduino11"
[36mINFO[0m[0114] Tool required for upload                      [36mtool[0m="builtin:mdns-discovery@1.0.6"

2022-12-08 14:33:26 daemon INFO [36mINFO[0m[0114] Tool required for upload                      [36mtool[0m="builtin:serial-discovery@1.3.2"

2022-12-08 14:33:27 daemon INFO [36mINFO[0m[0115] Searching tools required for board arduino:avr:uno 
[36mINFO[0m[0115] Required tool                                 [36mtool[0m="arduino:arduinoOTA@1.3.0"
[36mINFO[0m[0115] Required tool                                 [36mtool[0m="arduino:avr-gcc@7.3.0-atmel3.6.1-arduino7"
[36mINFO[0m[0115] Required tool                                 [36mtool[0m="arduino:avrdude@6.3.0-arduino17"

2022-12-08 14:33:29 monitor-service INFO starting monitor
2022-12-08 14:33:29 daemon INFO [36mINFO[0m[0117] Starting monitor process                      [36mmonitor[0m=serial-monitor

2022-12-08 14:33:29 daemon INFO [36mINFO[0m[0117] Starting monitor process                      [36mmonitor[0m=serial-monitor
[36mINFO[0m[0117] Monitor process started successfully!         [36mmonitor[0m=serial-monitor
[36mINFO[0m[0117] sending command                               [36mcommand[0m="HELLO 1 \"arduino-cli 0.29.0\"" [36mmonitor[0m=serial-monitor

2022-12-08 14:33:29 daemon INFO [36mINFO[0m[0117] Monitor process started successfully!         [36mmonitor[0m=serial-monitor
[36mINFO[0m[0117] sending command                               [36mcommand[0m="HELLO 1 \"arduino-cli 0.29.0\"" [36mmonitor[0m=serial-monitor

2022-12-08 14:33:29 daemon INFO [36mINFO[0m[0117] received message                              [36merror[0m=false [36mevent_type[0m=hello [36mmessage[0m=OK [36mmonitor[0m=serial-monitor

2022-12-08 14:33:29 daemon INFO [36mINFO[0m[0117] sending command                               [36mcommand[0m=DESCRIBE [36mmonitor[0m=serial-monitor
[36mINFO[0m[0117] received message                              [36merror[0m=false [36mevent_type[0m=describe [36mmessage[0m=OK [36mmonitor[0m=serial-monitor
[36mINFO[0m[0117] sending command                               [36mcommand[0m=QUIT [36mmonitor[0m=serial-monitor
[36mINFO[0m[0117] received message                              [36merror[0m=false [36mevent_type[0m=quit [36mmessage[0m=OK [36mmonitor[0m=serial-monitor
[36mINFO[0m[0117] Killing monitor process                       [36mmonitor[0m=serial-monitor

2022-12-08 14:33:29 daemon INFO [31mERRO[0m[0117] stopped decode loop: EOF                      [31mmonitor[0m=serial-monitor

2022-12-08 14:33:29 daemon INFO [36mINFO[0m[0117] received message                              [36merror[0m=false [36mevent_type[0m=hello [36mmessage[0m=OK [36mmonitor[0m=serial-monitor
[36mINFO[0m[0117] sending command                               [36mcommand[0m=DESCRIBE [36mmonitor[0m=serial-monitor
[36mINFO[0m[0117] Monitor process killed                        [36mmonitor[0m=serial-monitor
[36mINFO[0m[0117] received message                              [36merror[0m=false [36mevent_type[0m=describe [36mmessage[0m=OK [36mmonitor[0m=serial-monitor
[36mINFO[0m[0117] sending command                               [36mcommand[0m=QUIT [36mmonitor[0m=serial-monitor

2022-12-08 14:33:29 daemon INFO [36mINFO[0m[0117] received message                              [36merror[0m=false [36mevent_type[0m=quit [36mmessage[0m=OK [36mmonitor[0m=serial-monitor
[36mINFO[0m[0117] Killing monitor process                       [36mmonitor[0m=serial-monitor
[31mERRO[0m[0117] stopped decode loop: EOF                      [31mmonitor[0m=serial-monitor
[36mINFO[0m[0117] Monitor process killed                        [36mmonitor[0m=serial-monitor

2022-12-08 14:33:29 daemon INFO [36mINFO[0m[0117] Starting monitor process                      [36mmonitor[0m=serial-monitor

2022-12-08 14:33:29 daemon INFO [36mINFO[0m[0117] Monitor process started successfully!         [36mmonitor[0m=serial-monitor
[36mINFO[0m[0117] sending command                               [36mcommand[0m="HELLO 1 \"arduino-cli 0.29.0\"" [36mmonitor[0m=serial-monitor

2022-12-08 14:33:29 daemon INFO [36mINFO[0m[0117] received message                              [36merror[0m=false [36mevent_type[0m=hello [36mmessage[0m=OK [36mmonitor[0m=serial-monitor
[36mINFO[0m[0117] sending command                               [36mcommand[0m=DESCRIBE [36mmonitor[0m=serial-monitor

2022-12-08 14:33:29 daemon INFO [36mINFO[0m[0117] received message                              [36merror[0m=false [36mevent_type[0m=describe [36mmessage[0m=OK [36mmonitor[0m=serial-monitor
[36mINFO[0m[0117] sending command                               [36mcommand[0m="CONFIGURE stop_bits 1" [36mmonitor[0m=serial-monitor
[36mINFO[0m[0117] received message                              [36merror[0m=false [36mevent_type[0m=configure [36mmessage[0m=OK [36mmonitor[0m=serial-monitor
[36mINFO[0m[0117] sending command                               [36mcommand[0m="CONFIGURE baudrate 9600" [36mmonitor[0m=serial-monitor
[36mINFO[0m[0117] received message                              [36merror[0m=false [36mevent_type[0m=configure [36mmessage[0m=OK [36mmonitor[0m=serial-monitor
[36mINFO[0m[0117] sending command                               [36mcommand[0m="CONFIGURE bits 8" [36mmonitor[0m=serial-monitor
[36mINFO[0m[0117] received message                              [36merror[0m=false [36mevent_type[0m=configure [36mmessage[0m=OK [36mmonitor[0m=serial-monitor
[36mINFO[0m[0117] sending command                               [36mcommand[0m="CONFIGURE dtr on" [36mmonitor[0m=serial-monitor
[36mINFO[0m[0117] received message                              [36merror[0m=false [36mevent_type[0m=configure [36mmessage[0m=OK [36mmonitor[0m=serial-monitor

2022-12-08 14:33:29 daemon INFO [36mINFO[0m[0117] sending command                               [36mcommand[0m="CONFIGURE parity none" [36mmonitor[0m=serial-monitor
[36mINFO[0m[0117] received message                              [36merror[0m=false [36mevent_type[0m=configure [36mmessage[0m=OK [36mmonitor[0m=serial-monitor
[36mINFO[0m[0117] sending command                               [36mcommand[0m="CONFIGURE rts on" [36mmonitor[0m=serial-monitor
[36mINFO[0m[0117] received message                              [36merror[0m=false [36mevent_type[0m=configure [36mmessage[0m=OK [36mmonitor[0m=serial-monitor
[36mINFO[0m[0117] sending command                               [36mcommand[0m="OPEN 127.0.0.1:33263 /dev/ttyACM0" [36mmonitor[0m=serial-monitor

2022-12-08 14:33:29 daemon INFO [36mINFO[0m[0117] received message                              [36merror[0m=false [36mevent_type[0m=open [36mmessage[0m=OK [36mmonitor[0m=serial-monitor
[36mINFO[0m[0117] Port /dev/ttyACM0 successfully opened        

2022-12-08 14:33:29 monitor-service INFO started monitor to /dev/ttyACM0 using serial
2022-12-08 14:43:12 daemon INFO [36mINFO[0m[0700] sending command                               [36mcommand[0m=CLOSE [36mmonitor[0m=serial-monitor
[36mINFO[0m[0700] received message                              [36merror[0m=true [36mevent_type[0m=port_closed [36mmessage[0m="readfrom tcp 127.0.0.1:47914->127.0.0.1:33263: Port has been closed" [36mmonitor[0m=serial-monitor
[36mINFO[0m[0700] monitor port has been closed externally       [36mmonitor[0m=serial-monitor
[36mINFO[0m[0700] from discovery builtin:serial-discovery received message type: remove, port: /dev/ttyACM0 

2022-12-08 14:43:12 daemon INFO [36mINFO[0m[0700] received message                              [36merror[0m=true [36mevent_type[0m=close [36mmessage[0m="port already closed" [36mmonitor[0m=serial-monitor
[36mINFO[0m[0700] sending command                               [36mcommand[0m=QUIT [36mmonitor[0m=serial-monitor
[36mINFO[0m[0700] received message                              [36merror[0m=false [36mevent_type[0m=quit [36mmessage[0m=OK [36mmonitor[0m=serial-monitor
[36mINFO[0m[0700] Killing monitor process                       [36mmonitor[0m=serial-monitor
[31mERRO[0m[0700] stopped decode loop: EOF                      [31mmonitor[0m=serial-monitor

2022-12-08 14:43:12 discovery-log INFO {"eventType":"remove","port":{"matchingBoardsList":[],"port":{"address":"/dev/ttyACM0","label":"","protocol":"serial","protocolLabel":"","propertiesMap":[]}},"error":""}
2022-12-08 14:43:12 monitor-service INFO monitor to /dev/ttyACM0 using serial closed by server
2022-12-08 14:43:12 daemon INFO [36mINFO[0m[0700] Monitor process killed                        [36mmonitor[0m=serial-monitor

2022-12-08 14:43:13 root INFO Attached boards and available ports changed:
2022-12-08 14:43:13 root INFO  - Detached board: Arduino Uno [arduino:avr:uno] from /dev/ttyACM0 Serial Port (USB)
2022-12-08 14:43:13 root INFO ------------------------------------------
2022-12-08 17:58:02 daemon INFO [36mINFO[0m[12390] Searching tools required for board arduino:avr:uno 
[36mINFO[0m[12390] Required tool                                 [36mtool[0m="arduino:arduinoOTA@1.3.0"
[36mINFO[0m[12390] Required tool                                 [36mtool[0m="arduino:avr-gcc@7.3.0-atmel3.6.1-arduino7"
[36mINFO[0m[12390] Required tool                                 [36mtool[0m="arduino:avrdude@6.3.0-arduino17"

2022-12-08 17:58:09 daemon INFO [36mINFO[0m[12397] Searching tools required for board arduino:avr:uno 
[36mINFO[0m[12397] Required tool                                 [36mtool[0m="arduino:arduinoOTA@1.3.0"
[36mINFO[0m[12397] Required tool                                 [36mtool[0m="arduino:avr-gcc@7.3.0-atmel3.6.1-arduino7"
[36mINFO[0m[12397] Required tool                                 [36mtool[0m="arduino:avrdude@6.3.0-arduino17"

2022-12-08 17:58:11 daemon INFO [36mINFO[0m[12398] Searching tools required for board arduino:avr:uno 
[36mINFO[0m[12398] Required tool                                 [36mtool[0m="arduino:arduinoOTA@1.3.0"
[36mINFO[0m[12398] Required tool                                 [36mtool[0m="arduino:avr-gcc@7.3.0-atmel3.6.1-arduino7"
[36mINFO[0m[12398] Required tool                                 [36mtool[0m="arduino:avrdude@6.3.0-arduino17"

2022-12-08 17:58:16 monitor-service WARN monitor to /dev/ttyACM0 using serial already stopped
